-------------------------------------------------------------------------------
Test set: scooter.TestCreateCourier
-------------------------------------------------------------------------------
Tests run: 3, Failures: 2, Errors: 0, Skipped: 0, Time elapsed: 2.985 s <<< FAILURE! - in scooter.TestCreateCourier
courierCanNotBeCreatedWithExistingLogin(scooter.TestCreateCourier)  Time elapsed: 1.015 s  <<< FAILURE!
org.junit.ComparisonFailure: expected:<...гин уже используется[. Попробуйте другой.]> but was:<...гин уже используется[]>
	at scooter.TestCreateCourier.courierCanNotBeCreatedWithExistingLogin(TestCreateCourier.java:75)

courierCanNotBeCreatedIfHeWasCreated(scooter.TestCreateCourier)  Time elapsed: 1.062 s  <<< FAILURE!
org.junit.ComparisonFailure: expected:<...гин уже используется[. Попробуйте другой.]> but was:<...гин уже используется[]>
	at scooter.TestCreateCourier.courierCanNotBeCreatedIfHeWasCreated(TestCreateCourier.java:56)

