-------------------------------------------------------------------------------
Test set: scooter.TestLoginCourierParameterized
-------------------------------------------------------------------------------
Tests run: 5, Failures: 1, Errors: 0, Skipped: 0, Time elapsed: 61.68 s <<< FAILURE! - in scooter.TestLoginCourierParameterized
courierLoginWithInvalidData[3](scooter.TestLoginCourierParameterized)  Time elapsed: 60.366 s  <<< FAILURE!
java.lang.AssertionError: expected:<504> but was:<400>
	at scooter.TestLoginCourierParameterized.courierLoginWithInvalidData(TestLoginCourierParameterized.java:43)

