-------------------------------------------------------------------------------
Test set: scooter.TestCreateCourierParameterized
-------------------------------------------------------------------------------
Tests run: 4, Failures: 1, Errors: 0, Skipped: 0, Time elapsed: 9.373 s <<< FAILURE! - in scooter.TestCreateCourierParameterized
createCourierWithInvalidData[3](scooter.TestCreateCourierParameterized)  Time elapsed: 0.288 s  <<< FAILURE!
java.lang.AssertionError: expected:<201> but was:<400>
	at scooter.TestCreateCourierParameterized.createCourierWithInvalidData(TestCreateCourierParameterized.java:51)

